time="2024-10-13 10:58:07" level=error msg="register table fail" error="Error 1005 (HY000): Can't create table '#sql-10775_25' (errno: 13)"
time="2024-10-13 11:02:48" level=error msg="register table fail" error="Error 1005 (HY000): Can't create table '#sql-10775_28' (errno: 13)"
time="2024-10-13 13:56:08" level=error msg="Failed to register a consumer"
time="2024-10-14 11:17:40" level=error msg="Failed to register a consumer"
time="2024-10-15 01:37:47" level=error msg="Failed to register a consumer"
time="2024-10-15 02:26:32" level=error msg="Failed to register a consumer"
time="2024-10-15 04:32:51" level=error msg="Failed to register a consumer"
time="2024-10-15 04:43:30" level=error msg="Failed to register a consumer"
time="2024-10-15 05:09:50" level=error msg="Failed to register a consumer"
time="2024-10-15 05:10:25" level=error msg="Error occurred" code=10002 error="<nil>"
time="2024-10-15 05:17:21" level=error msg="Failed to register a consumer"
time="2024-10-15 05:17:28" level=error msg="Error occurred" code=10002 error="<nil>"
time="2024-10-15 05:37:46" level=error msg="Failed to register a consumer"
time="2024-10-15 05:37:57" level=error msg="Error occurred" code=10002 error="<nil>"
time="2024-10-15 05:39:48" level=error msg="Failed to register a consumer"
time="2024-10-15 05:39:54" level=error msg="Error occurred" code=10002 error="<nil>"
time="2024-10-15 05:40:11" level=error msg="Error occurred" code=10002 error="<nil>"
time="2024-10-15 05:43:29" level=error msg="Failed to register a consumer"
time="2024-10-15 05:44:50" level=error msg="Failed to register a consumer"
time="2024-10-15 05:46:17" level=error msg="Error occurred" code=10002 error="<nil>"
time="2024-10-15 05:48:16" level=error msg="Error occurred" code=10002 error="<nil>"
time="2024-10-15 05:50:32" level=error msg="Error occurred" code=10010 error="<nil>"
time="2024-10-15 05:50:46" level=error msg="Error occurred" code=10004 error="<nil>"
time="2024-10-15 05:50:54" level=error msg="Error occurred" code=10004 error="<nil>"
time="2024-10-15 05:51:02" level=error msg="Error occurred" code=10004 error="<nil>"
time="2024-10-15 05:51:13" level=error msg="Error occurred" code=10004 error="<nil>"
time="2024-10-15 05:54:54" level=error msg="Error occurred" code=10010 error="<nil>"
time="2024-10-15 05:55:08" level=error msg="Error occurred" code=10004 error="<nil>"
time="2024-10-15 06:36:17" level=error msg="Error occurred" code=50002 error="bad token"
time="2024-10-15 06:36:59" level=error msg="Error occurred" code=50002 error="bad token"
time="2024-10-15 06:37:16" level=error msg="Error occurred" code=50002 error="bad token"
time="2024-10-15 06:38:31" level=error msg="Error occurred" code=50002 error="bad token"
time="2024-10-15 06:42:25" level=error msg="Error occurred" code=50002 error="bad token"
time="2024-10-15 06:44:03" level=error msg="Error occurred" code=50002 error="bad token"
time="2024-10-15 06:46:53" level=error msg="Failed to register a consumer"
time="2024-10-15 06:47:12" level=error msg="Error occurred" code=50002 error="bad token"
time="2024-10-15 06:58:21" level=error msg="Error occurred" code=50002 error="bad token"
time="2024-10-15 07:09:04" level=error msg="Failed to register a consumer"
time="2024-10-15 07:13:20" level=error msg="Error occurred" code=50002 error="bad token"
time="2024-10-15 07:14:58" level=error msg="Error occurred" code=50002 error="bad token"
time="2024-10-15 07:22:05" level=error msg="Error occurred" code=50002 error="bad token"
time="2024-10-15 07:24:00" level=error msg="Error occurred" code=50002 error="bad token"
time="2024-10-15 07:26:54" level=error msg="Error occurred" code=10004 error="<nil>"
time="2024-10-15 07:27:53" level=error msg="Error occurred" code=50002 error="bad token"
time="2024-10-15 07:27:58" level=error msg="Error occurred" code=50002 error="bad token"
time="2024-10-15 07:32:41" level=error msg="Error occurred" code=50002 error="bad token"
time="2024-10-15 09:19:22" level=error msg="Failed to register a consumer"
time="2024-10-15 09:20:14" level=error msg="Error occurred" code=30003 error="record not found"
time="2024-10-15 09:48:04" level=error msg="Failed to register a consumer"
time="2024-10-15 09:56:21" level=error msg="Failed to register a consumer"
time="2024-10-15 11:22:53" level=error msg="Error occurred" code=50002 error="bad token"
time="2024-10-15 11:24:01" level=error msg="Error occurred" code=50002 error="bad token"
time="2024-10-15 22:44:12" level=error msg="Error occurred" code=10002 error="<nil>"
time="2024-10-15 23:02:35" level=error msg="Failed to register a consumer"
time="2024-10-15 23:03:17" level=error msg="Error occurred" code=500 error="<nil>"
time="2024-10-15 23:03:36" level=error msg="Error occurred" code=10002 error="<nil>"
time="2024-10-15 23:11:25" level=error msg="Error occurred" code=30001 error="record not found"
time="2024-10-15 23:11:47" level=error msg="Error occurred" code=30001 error="record not found"
time="2024-10-15 23:13:38" level=error msg="Error occurred" code=30001 error="record not found"
time="2024-10-15 23:14:35" level=error msg="Error occurred" code=30001 error="record not found"
time="2024-10-15 23:14:43" level=error msg="Error occurred" code=30001 error="record not found"
time="2024-10-15 23:15:40" level=error msg="Error occurred" code=30001 error="record not found"
time="2024-10-15 23:16:41" level=error msg="Failed to get user by Id" context=ShowMoneyShow error="record not found"
time="2024-10-16 00:19:41" level=error msg="Failed to register a consumer"
time="2024-10-16 00:40:16" level=error msg="Failed to get product by product id" context=ProductShow error="record not found"
time="2024-10-16 06:55:05" level=error msg="Failed to register a consumer"
time="2024-10-16 07:27:05" level=error msg="Failed to register a consumer"
time="2024-10-16 07:34:05" level=error msg="Failed to register a consumer"
time="2024-10-16 07:40:05" level=error msg="Failed to register a consumer"
time="2024-10-16 07:51:00" level=error msg="Failed to register a consumer"
time="2024-10-16 07:56:41" level=error msg="Failed to register a consumer"
time="2024-10-16 07:58:48" level=error msg="Failed to register a consumer"
time="2024-10-16 08:18:44" level=error msg="Failed to register a consumer"
time="2024-10-16 08:25:05" level=error msg="Error occurred" code=50002 error="open ./static/imgs/avatar/user4/B1.jpg: permission denied"
time="2024-10-16 08:33:35" level=error msg="Failed to search product" context=ProductSearch error=EOF
time="2024-10-16 08:39:44" level=error msg="Failed to register a consumer"
time="2024-10-16 08:39:50" level=error msg="Failed to search product" context=ProductSearch error=EOF
time="2024-10-16 08:39:57" level=error msg="Failed to search product" context=ProductSearch error=EOF
time="2024-10-16 09:29:46" level=error msg="Failed to register a consumer"
time="2024-10-16 09:40:25" level=error msg="Failed to search product" context=ProductSearch error=EOF
time="2024-10-16 09:40:39" level=error msg="Failed to search product" context=ProductSearch error=EOF
time="2024-10-16 09:40:53" level=error msg="Failed to search product" context=ProductSearch error=EOF
time="2024-10-16 10:27:15" level=error msg="Failed to search product" context=ProductSearch error=EOF
time="2024-10-16 12:54:08" level=error msg="Failed to register a consumer"
time="2024-10-16 12:56:14" level=error msg="Failed to register a consumer"
time="2024-10-16 13:01:42" level=error msg="Failed to register a consumer"
time="2024-10-16 13:13:55" level=error msg="Failed to register a consumer"
time="2024-10-16 13:20:56" level=error msg="Failed to register a consumer"
time="2024-10-16 13:51:55" level=error msg="Failed to register a consumer"
time="2024-10-16 13:52:53" level=error msg="Failed to search product from database" context=ProductSearch error="Error 1064 (42000): You have an error in your SQL syntax; check the manual that corresponds to your MySQL server version for the right syntax to use near 'OR category_id = ? LIMIT 2' at line 1"
time="2024-10-16 13:53:16" level=error msg="Failed to search product from database" context=ProductSearch error="Error 1064 (42000): You have an error in your SQL syntax; check the manual that corresponds to your MySQL server version for the right syntax to use near 'OR category_id = ? LIMIT 1' at line 1"
time="2024-10-16 13:53:51" level=error msg="Failed to register a consumer"
time="2024-10-17 01:15:08" level=error msg="Failed to register a consumer"
time="2024-10-17 01:18:05" level=error msg="Failed to register a consumer"
time="2024-10-17 02:43:41" level=error msg="Error occurred" code=10010 error="<nil>"
time="2024-10-17 02:50:46" level=error msg="Failed to register a consumer"
time="2024-10-17 03:07:44" level=error msg="Failed to register a consumer"
time="2024-10-17 03:10:23" level=error msg="Failed to register a consumer"
time="2024-10-17 03:13:28" level=error msg="Failed to register a consumer"
time="2024-10-17 07:55:05" level=error msg="Failed to register a consumer"
time="2024-10-17 08:22:41" level=error msg="Failed to register a consumer"
time="2024-10-17 09:47:52" level=error msg="Failed to register a consumer"
time="2024-10-17 11:14:58" level=error msg="Failed to register a consumer"
time="2024-10-17 11:46:12" level=error msg="Failed to register a consumer"
time="2024-10-17 11:50:22" level=error msg="Failed to register a consumer"
time="2024-10-17 11:52:13" level=error msg="Failed to register a consumer"
time="2024-10-17 12:02:46" level=error msg="Failed to register a consumer"
time="2024-10-17 12:21:25" level=error msg="Failed to register a consumer"
time="2024-10-17 12:21:30" level=error msg="Error occurred" code=200 error="<nil>"
time="2024-10-17 12:24:02" level=error msg="Failed to register a consumer"
time="2024-10-17 12:24:05" level=error msg="Error occurred" code=20009 error="<nil>"
time="2024-10-17 12:26:06" level=error msg="Failed to register a consumer"
time="2024-10-17 12:26:18" level=error msg="Error occurred" code=20009 error="<nil>"
time="2024-10-17 12:49:23" level=error msg="Failed to register a consumer"
time="2024-10-17 12:49:46" level=error msg="Failed to send order timeout message" error="Exception (503) Reason: \"COMMAND_INVALID - unknown exchange type 'x-delayed-message'\"" order=1
time="2024-10-17 12:55:53" level=error msg="Failed to register a consumer"
time="2024-10-17 12:56:55" level=error msg="Failed to send order timeout message" error="Exception (503) Reason: \"COMMAND_INVALID - unknown exchange type 'x-delayed-message'\"" order=2
time="2024-10-17 13:02:00" level=error msg="Failed to register a consumer"
time="2024-10-17 13:02:03" level=error msg="Failed to send order timeout message" error="Exception (503) Reason: \"COMMAND_INVALID - unknown exchange type 'x-delayed-message'\"" order=3
time="2024-10-17 13:02:47" level=error msg="Failed to send order timeout message" error="Exception (504) Reason: \"channel/connection is not open\"" order=4
time="2024-10-17 13:19:55" level=error msg="Failed to register a consumer"
time="2024-10-17 13:20:08" level=error msg="Failed to send order timeout message" error="Exception (503) Reason: \"COMMAND_INVALID - unknown exchange type 'x-delayed-message'\"" order=20241017000000000005
time="2024-10-17 13:21:04" level=error msg="Failed to send order timeout message" error="Exception (504) Reason: \"channel/connection is not open\"" order=20241017000000000006
time="2024-10-17 13:21:51" level=error msg="Failed to create order" context=OrderCreate error="Error 1146 (42S02): Table 'bxmall.user_order' doesn't exist" userID=4
time="2024-10-17 13:21:51" level=error msg="Error occurred" code=40001 error="Error 1146 (42S02): Table 'bxmall.user_order' doesn't exist"
time="2024-10-17 13:22:28" level=error msg="Failed to register a consumer"
time="2024-10-17 13:22:39" level=error msg="Failed to send order timeout message" error="Exception (503) Reason: \"COMMAND_INVALID - unknown exchange type 'x-delayed-message'\"" order=20241017000000000008
time="2024-10-17 13:26:12" level=error msg="Failed to register a consumer"
time="2024-10-17 13:26:20" level=error msg="Failed to send order timeout message" error="Exception (503) Reason: \"COMMAND_INVALID - unknown exchange type 'x-delayed-message'\"" order=20241017000000000009
time="2024-10-18 01:35:56" level=error msg="Failed to register a consumer"
time="2024-10-18 01:40:42" level=error msg="Failed to register a consumer"
time="2024-10-18 01:40:47" level=error msg="Failed to get address by address Id" context=OrderShow error="record not found"
time="2024-10-18 01:42:04" level=error msg="Failed to register a consumer"
time="2024-10-18 01:42:20" level=error msg="Failed to send order timeout message" error="Exception (503) Reason: \"COMMAND_INVALID - unknown exchange type 'x-delayed-message'\"" order=20241018000000000010
time="2024-10-18 01:43:12" level=error msg="Failed to send order timeout message" error="Exception (504) Reason: \"channel/connection is not open\"" order=20241018000000000011
time="2024-10-18 01:45:10" level=error msg="Error occurred" code=40001 error="failed to get order from database: record not found"
time="2024-10-18 01:45:16" level=error msg="Error occurred" code=70001 error="failed to process payment: 用户余额不足或解密失败"
time="2024-10-18 01:45:57" level=error msg="Failed to send order timeout message" error="Exception (504) Reason: \"channel/connection is not open\"" order=20241018000000000012
time="2024-10-18 01:46:05" level=error msg="Error occurred" code=40001 error="failed to get order from database: record not found"
time="2024-10-18 01:53:35" level=error msg="Failed to register a consumer"
time="2024-10-18 01:57:29" level=error msg="Error occurred" code=70001 error="failed to process payment: 用户余额不足或解密失败"
time="2024-10-18 01:57:43" level=error msg="Error occurred" code=70001 error="failed to process payment: 用户余额不足或解密失败"
time="2024-10-18 01:57:55" level=error msg="Failed to get address by Id" context=OrderCreate error="record not found" userID=3
time="2024-10-18 01:57:55" level=error msg="Error occurred" code=40001 error="record not found"
time="2024-10-18 02:02:09" level=error msg="Failed to get address by Id" context=OrderCreate error="record not found" userID=3
time="2024-10-18 02:02:09" level=error msg="Error occurred" code=40001 error="record not found"
time="2024-10-18 02:15:20" level=error msg="Failed to get address by Id" context=OrderCreate error="record not found" userID=4
time="2024-10-18 02:15:20" level=error msg="Error occurred" code=40001 error="record not found"
time="2024-10-18 02:15:25" level=error msg="Failed to get address by Id" context=OrderCreate error="record not found" userID=4
time="2024-10-18 02:15:25" level=error msg="Error occurred" code=40001 error="record not found"
time="2024-10-18 02:15:27" level=error msg="Failed to get address by Id" context=OrderCreate error="record not found" userID=4
time="2024-10-18 02:15:27" level=error msg="Error occurred" code=40001 error="record not found"
time="2024-10-18 02:16:17" level=error msg="Failed to get address by Id" context=OrderCreate error="record not found" userID=3
time="2024-10-18 02:16:17" level=error msg="Error occurred" code=40001 error="record not found"
time="2024-10-18 02:17:38" level=error msg="Failed to register a consumer"
time="2024-10-18 02:17:45" level=error msg="Error occurred" code=10010 error="<nil>"
time="2024-10-18 02:18:12" level=error msg="Error occurred" code=500 error="<nil>"
time="2024-10-18 02:18:31" level=error msg="Error occurred" code=10010 error="<nil>"
time="2024-10-18 02:19:26" level=error msg="Error occurred" code=30003 error="record not found"
time="2024-10-18 02:21:04" level=error msg="Error occurred" code=30003 error="record not found"
time="2024-10-18 02:22:01" level=error msg="Error occurred" code=30003 error="record not found"
time="2024-10-18 02:34:11" level=error msg="Failed to register a consumer"
time="2024-10-18 02:48:29" level=error msg="Failed to register a consumer"
time="2024-10-18 02:56:38" level=error msg="Failed to register a consumer"
time="2024-10-18 03:10:00" level=error msg="Failed to register a consumer"
time="2024-10-18 03:15:07" level=error msg="Error occurred" code=10004 error="<nil>"
time="2024-10-18 03:15:14" level=error msg="Error occurred" code=10004 error="<nil>"
time="2024-10-18 03:40:25" level=error msg="Failed to register a consumer"
time="2024-10-18 03:47:21" level=error msg="Failed to get address by Id" context=OrderCreate error="record not found" userID=2
time="2024-10-18 03:47:21" level=error msg="Error occurred" code=40001 error="record not found"
time="2024-10-18 03:47:26" level=error msg="Failed to send order timeout message" error="Exception (503) Reason: \"COMMAND_INVALID - unknown exchange type 'x-delayed-message'\"" order=20241018000000000013
time="2024-10-18 03:48:12" level=error msg="Error occurred" code=40001 error="failed to get order from database: record not found"
time="2024-10-18 03:48:16" level=error msg="Error occurred" code=70001 error="failed to process payment: 用户余额不足或解密失败"
time="2024-10-18 03:50:53" level=error msg="Failed to register a consumer"
time="2024-10-18 03:50:59" level=error msg="Error occurred" code=70001 error="failed to process payment: 用户"
time="2024-10-18 03:51:33" level=error msg="Error occurred" code=70001 error="failed to process payment: 用户"
time="2024-10-18 03:51:42" level=error msg="Error occurred" code=70001 error="failed to process payment: 用户"
time="2024-10-18 04:02:21" level=error msg="Error occurred" code=70001 error="failed to process payment: 用户"
time="2024-10-18 04:02:29" level=error msg="Failed to register a consumer"
time="2024-10-18 04:02:31" level=error msg="Error occurred" code=70001 error="failed to process payment: 用户余额解密失败"
time="2024-10-18 04:05:02" level=error msg="Error occurred" code=40001 error="failed to get boss: record not found"
time="2024-10-18 04:05:48" level=error msg="Failed to send order timeout message" error="Exception (503) Reason: \"COMMAND_INVALID - unknown exchange type 'x-delayed-message'\"" order=20241018000000000014
time="2024-10-18 04:06:13" level=error msg="Error occurred" code=40001 error="failed to get boss: record not found"
time="2024-10-18 04:06:17" level=error msg="Error occurred" code=40001 error="failed to get boss: record not found"
time="2024-10-18 04:08:10" level=error msg="Failed to send order timeout message" error="Exception (504) Reason: \"channel/connection is not open\"" order=20241018000000000015
time="2024-10-18 04:08:15" level=error msg="Failed to send order timeout message" error="Exception (504) Reason: \"channel/connection is not open\"" order=20241018000000000016
time="2024-10-18 04:08:24" level=error msg="Error occurred" code=40001 error="failed to get boss: record not found"
time="2024-10-18 04:08:26" level=error msg="Error occurred" code=40001 error="failed to get boss: record not found"
time="2024-10-18 04:08:56" level=error msg="Error occurred" code=40001 error="failed to get boss: record not found"
time="2024-10-18 04:09:25" level=error msg="Error occurred" code=40001 error="failed to get order from database: record not found"
time="2024-10-18 04:09:31" level=error msg="Error occurred" code=40001 error="failed to get order from database: record not found"
time="2024-10-18 04:15:04" level=error msg="Error occurred" code=40001 error="failed to get boss: record not found"
time="2024-10-18 04:20:39" level=error msg="Failed to register a consumer"
time="2024-10-18 04:20:41" level=error msg="Error occurred" code=40001 error="failed to get boss: record not found"
time="2024-10-18 04:20:48" level=error msg="Error occurred" code=40001 error="failed to get boss: record not found"
time="2024-10-18 04:20:51" level=error msg="Error occurred" code=40001 error="failed to get boss: record not found"
time="2024-10-18 04:20:56" level=error msg="Error occurred" code=40001 error="failed to get boss: record not found"
time="2024-10-18 04:21:00" level=error msg="Error occurred" code=40001 error="failed to get boss: record not found"
time="2024-10-18 04:21:41" level=error msg="Failed to register a consumer"
time="2024-10-18 04:22:42" level=error msg="Failed to send order timeout message" error="Exception (503) Reason: \"COMMAND_INVALID - unknown exchange type 'x-delayed-message'\"" order=20241018000000000017
time="2024-10-18 04:23:11" level=error msg="Error occurred" code=40001 error="failed to get boss: record not found"
time="2024-10-18 04:23:19" level=error msg="Error occurred" code=40001 error="failed to get order from database: record not found"
time="2024-10-18 04:23:29" level=error msg="Error occurred" code=40001 error="failed to get boss: record not found"
time="2024-10-18 04:27:00" level=error msg="Error occurred" code=40001 error="failed to get boss: record not found"
time="2024-10-18 04:28:04" level=error msg="Error occurred" code=70001 error="failed to process payment: 用户余额解密失败"
time="2024-10-18 04:32:50" level=error msg="Failed to register a consumer"
time="2024-10-18 04:32:54" level=error msg="Error occurred" code=70001 error="failed to process payment: 用户余额解析失败: strconv.ParseFloat: parsing \"Decryption failed 无法正确解析为金额\": invalid syntax"
