time="2024-10-18 04:45:00" level=info msg="/home/bx/code_files/bx-mall/repository/db/dao/migration.go:16\n[0.853ms] [rows:-] SELECT DATABASE()"
time="2024-10-18 04:45:00" level=info msg="/home/bx/code_files/bx-mall/repository/db/dao/migration.go:16\n[1.938ms] [rows:1] SELECT SCHEMA_NAME from Information_schema.SCHEMATA where SCHEMA_NAME LIKE 'bxmall%' ORDER BY SCHEMA_NAME='bxmall' DESC,SCHEMA_NAME limit 1"
time="2024-10-18 04:45:00" level=info msg="/home/bx/code_files/bx-mall/repository/db/dao/migration.go:16\n[0.592ms] [rows:-] SELECT count(*) FROM information_schema.tables WHERE table_schema = 'bxmall' AND table_name = 'user' AND table_type = 'BASE TABLE'"
time="2024-10-18 04:45:00" level=info msg="/home/bx/code_files/bx-mall/repository/db/dao/migration.go:16\n[0.295ms] [rows:-] SELECT DATABASE()"
time="2024-10-18 04:45:00" level=info msg="/home/bx/code_files/bx-mall/repository/db/dao/migration.go:16\n[2.514ms] [rows:1] SELECT SCHEMA_NAME from Information_schema.SCHEMATA where SCHEMA_NAME LIKE 'bxmall%' ORDER BY SCHEMA_NAME='bxmall' DESC,SCHEMA_NAME limit 1"
time="2024-10-18 04:45:00" level=info msg="/home/bx/code_files/bx-mall/repository/db/dao/migration.go:16\n[1.713ms] [rows:-] SELECT * FROM `user` LIMIT 1"
time="2024-10-18 04:45:00" level=info msg="/home/bx/code_files/bx-mall/repository/db/dao/migration.go:16\n[1.736ms] [rows:-] SELECT column_name, column_default, is_nullable = 'YES', data_type, character_maximum_length, column_type, column_key, extra, column_comment, numeric_precision, numeric_scale FROM information_schema.columns WHERE table_schema = 'bxmall' AND table_name = 'user' ORDER BY ORDINAL_POSITION"
time="2024-10-18 04:45:00" level=info msg="/home/bx/code_files/bx-mall/repository/db/dao/migration.go:16\n[0.513ms] [rows:-] SELECT DATABASE()"
time="2024-10-18 04:45:00" level=info msg="/home/bx/code_files/bx-mall/repository/db/dao/migration.go:16\n[0.768ms] [rows:1] SELECT SCHEMA_NAME from Information_schema.SCHEMATA where SCHEMA_NAME LIKE 'bxmall%' ORDER BY SCHEMA_NAME='bxmall' DESC,SCHEMA_NAME limit 1"
time="2024-10-18 04:45:00" level=info msg="/home/bx/code_files/bx-mall/repository/db/dao/migration.go:16\n[0.805ms] [rows:-] SELECT count(*) FROM information_schema.tables WHERE table_schema = 'bxmall' AND table_name = 'product' AND table_type = 'BASE TABLE'"
time="2024-10-18 04:45:00" level=info msg="/home/bx/code_files/bx-mall/repository/db/dao/migration.go:16\n[0.876ms] [rows:-] SELECT DATABASE()"
time="2024-10-18 04:45:00" level=info msg="/home/bx/code_files/bx-mall/repository/db/dao/migration.go:16\n[1.655ms] [rows:1] SELECT SCHEMA_NAME from Information_schema.SCHEMATA where SCHEMA_NAME LIKE 'bxmall%' ORDER BY SCHEMA_NAME='bxmall' DESC,SCHEMA_NAME limit 1"
time="2024-10-18 04:45:00" level=info msg="/home/bx/code_files/bx-mall/repository/db/dao/migration.go:16\n[1.090ms] [rows:-] SELECT * FROM `product` LIMIT 1"
time="2024-10-18 04:45:00" level=info msg="/home/bx/code_files/bx-mall/repository/db/dao/migration.go:16\n[1.648ms] [rows:-] SELECT column_name, column_default, is_nullable = 'YES', data_type, character_maximum_length, column_type, column_key, extra, column_comment, numeric_precision, numeric_scale FROM information_schema.columns WHERE table_schema = 'bxmall' AND table_name = 'product' ORDER BY ORDINAL_POSITION"
time="2024-10-18 04:45:00" level=info msg="/home/bx/code_files/bx-mall/repository/db/dao/migration.go:16\n[3.727ms] [rows:0] ALTER TABLE `product` MODIFY COLUMN `on_sale` boolean DEFAULT false"
time="2024-10-18 04:45:00" level=info msg="/home/bx/code_files/bx-mall/repository/db/dao/migration.go:16\n[0.818ms] [rows:-] SELECT DATABASE()"
time="2024-10-18 04:45:00" level=info msg="/home/bx/code_files/bx-mall/repository/db/dao/migration.go:16\n[0.609ms] [rows:1] SELECT SCHEMA_NAME from Information_schema.SCHEMATA where SCHEMA_NAME LIKE 'bxmall%' ORDER BY SCHEMA_NAME='bxmall' DESC,SCHEMA_NAME limit 1"
time="2024-10-18 04:45:00" level=info msg="/home/bx/code_files/bx-mall/repository/db/dao/migration.go:16\n[1.263ms] [rows:-] SELECT count(*) FROM information_schema.statistics WHERE table_schema = 'bxmall' AND table_name = 'product' AND index_name = 'idx_product_name'"
time="2024-10-18 04:45:00" level=info msg="/home/bx/code_files/bx-mall/repository/db/dao/migration.go:16\n[0.132ms] [rows:-] SELECT DATABASE()"
time="2024-10-18 04:45:00" level=info msg="/home/bx/code_files/bx-mall/repository/db/dao/migration.go:16\n[0.751ms] [rows:1] SELECT SCHEMA_NAME from Information_schema.SCHEMATA where SCHEMA_NAME LIKE 'bxmall%' ORDER BY SCHEMA_NAME='bxmall' DESC,SCHEMA_NAME limit 1"
time="2024-10-18 04:45:00" level=info msg="/home/bx/code_files/bx-mall/repository/db/dao/migration.go:16\n[0.604ms] [rows:-] SELECT count(*) FROM information_schema.tables WHERE table_schema = 'bxmall' AND table_name = 'carousel' AND table_type = 'BASE TABLE'"
time="2024-10-18 04:45:00" level=info msg="/home/bx/code_files/bx-mall/repository/db/dao/migration.go:16\n[0.289ms] [rows:-] SELECT DATABASE()"
time="2024-10-18 04:45:00" level=info msg="/home/bx/code_files/bx-mall/repository/db/dao/migration.go:16\n[1.779ms] [rows:1] SELECT SCHEMA_NAME from Information_schema.SCHEMATA where SCHEMA_NAME LIKE 'bxmall%' ORDER BY SCHEMA_NAME='bxmall' DESC,SCHEMA_NAME limit 1"
time="2024-10-18 04:45:00" level=info msg="/home/bx/code_files/bx-mall/repository/db/dao/migration.go:16\n[0.383ms] [rows:-] SELECT * FROM `carousel` LIMIT 1"
time="2024-10-18 04:45:00" level=info msg="/home/bx/code_files/bx-mall/repository/db/dao/migration.go:16\n[1.029ms] [rows:-] SELECT column_name, column_default, is_nullable = 'YES', data_type, character_maximum_length, column_type, column_key, extra, column_comment, numeric_precision, numeric_scale FROM information_schema.columns WHERE table_schema = 'bxmall' AND table_name = 'carousel' ORDER BY ORDINAL_POSITION"
time="2024-10-18 04:45:00" level=info msg="/home/bx/code_files/bx-mall/repository/db/dao/migration.go:16\n[0.506ms] [rows:-] SELECT DATABASE()"
time="2024-10-18 04:45:00" level=info msg="/home/bx/code_files/bx-mall/repository/db/dao/migration.go:16\n[1.379ms] [rows:1] SELECT SCHEMA_NAME from Information_schema.SCHEMATA where SCHEMA_NAME LIKE 'bxmall%' ORDER BY SCHEMA_NAME='bxmall' DESC,SCHEMA_NAME limit 1"
time="2024-10-18 04:45:00" level=info msg="/home/bx/code_files/bx-mall/repository/db/dao/migration.go:16\n[0.639ms] [rows:-] SELECT count(*) FROM information_schema.tables WHERE table_schema = 'bxmall' AND table_name = 'category' AND table_type = 'BASE TABLE'"
time="2024-10-18 04:45:00" level=info msg="/home/bx/code_files/bx-mall/repository/db/dao/migration.go:16\n[0.658ms] [rows:-] SELECT DATABASE()"
time="2024-10-18 04:45:00" level=info msg="/home/bx/code_files/bx-mall/repository/db/dao/migration.go:16\n[0.681ms] [rows:1] SELECT SCHEMA_NAME from Information_schema.SCHEMATA where SCHEMA_NAME LIKE 'bxmall%' ORDER BY SCHEMA_NAME='bxmall' DESC,SCHEMA_NAME limit 1"
time="2024-10-18 04:45:00" level=info msg="/home/bx/code_files/bx-mall/repository/db/dao/migration.go:16\n[0.418ms] [rows:-] SELECT * FROM `category` LIMIT 1"
time="2024-10-18 04:45:00" level=info msg="/home/bx/code_files/bx-mall/repository/db/dao/migration.go:16\n[1.339ms] [rows:-] SELECT column_name, column_default, is_nullable = 'YES', data_type, character_maximum_length, column_type, column_key, extra, column_comment, numeric_precision, numeric_scale FROM information_schema.columns WHERE table_schema = 'bxmall' AND table_name = 'category' ORDER BY ORDINAL_POSITION"
time="2024-10-18 04:45:00" level=info msg="/home/bx/code_files/bx-mall/repository/db/dao/migration.go:16\n[0.231ms] [rows:-] SELECT DATABASE()"
time="2024-10-18 04:45:00" level=info msg="/home/bx/code_files/bx-mall/repository/db/dao/migration.go:16\n[0.968ms] [rows:1] SELECT SCHEMA_NAME from Information_schema.SCHEMATA where SCHEMA_NAME LIKE 'bxmall%' ORDER BY SCHEMA_NAME='bxmall' DESC,SCHEMA_NAME limit 1"
time="2024-10-18 04:45:00" level=info msg="/home/bx/code_files/bx-mall/repository/db/dao/migration.go:16\n[1.066ms] [rows:-] SELECT count(*) FROM information_schema.tables WHERE table_schema = 'bxmall' AND table_name = 'favorite_store' AND table_type = 'BASE TABLE'"
time="2024-10-18 04:45:00" level=info msg="/home/bx/code_files/bx-mall/repository/db/dao/migration.go:16\n[0.461ms] [rows:-] SELECT DATABASE()"
time="2024-10-18 04:45:00" level=info msg="/home/bx/code_files/bx-mall/repository/db/dao/migration.go:16\n[1.714ms] [rows:1] SELECT SCHEMA_NAME from Information_schema.SCHEMATA where SCHEMA_NAME LIKE 'bxmall%' ORDER BY SCHEMA_NAME='bxmall' DESC,SCHEMA_NAME limit 1"
time="2024-10-18 04:45:00" level=info msg="/home/bx/code_files/bx-mall/repository/db/dao/migration.go:16\n[0.706ms] [rows:-] SELECT * FROM `favorite_store` LIMIT 1"
time="2024-10-18 04:45:00" level=info msg="/home/bx/code_files/bx-mall/repository/db/dao/migration.go:16\n[0.960ms] [rows:-] SELECT column_name, column_default, is_nullable = 'YES', data_type, character_maximum_length, column_type, column_key, extra, column_comment, numeric_precision, numeric_scale FROM information_schema.columns WHERE table_schema = 'bxmall' AND table_name = 'favorite_store' ORDER BY ORDINAL_POSITION"
time="2024-10-18 04:45:00" level=info msg="/home/bx/code_files/bx-mall/repository/db/dao/migration.go:16\n[0.247ms] [rows:-] SELECT DATABASE()"
time="2024-10-18 04:45:00" level=info msg="/home/bx/code_files/bx-mall/repository/db/dao/migration.go:16\n[1.186ms] [rows:1] SELECT SCHEMA_NAME from Information_schema.SCHEMATA where SCHEMA_NAME LIKE 'bxmall%' ORDER BY SCHEMA_NAME='bxmall' DESC,SCHEMA_NAME limit 1"
time="2024-10-18 04:45:00" level=info msg="/home/bx/code_files/bx-mall/repository/db/dao/migration.go:16\n[1.290ms] [rows:-] SELECT count(*) FROM INFORMATION_SCHEMA.table_constraints WHERE constraint_schema = 'bxmall' AND table_name = 'favorite_store' AND constraint_name = 'fk_favorite_store_user'"
time="2024-10-18 04:45:00" level=info msg="/home/bx/code_files/bx-mall/repository/db/dao/migration.go:16\n[0.374ms] [rows:-] SELECT DATABASE()"
time="2024-10-18 04:45:00" level=info msg="/home/bx/code_files/bx-mall/repository/db/dao/migration.go:16\n[0.922ms] [rows:1] SELECT SCHEMA_NAME from Information_schema.SCHEMATA where SCHEMA_NAME LIKE 'bxmall%' ORDER BY SCHEMA_NAME='bxmall' DESC,SCHEMA_NAME limit 1"
time="2024-10-18 04:45:00" level=info msg="/home/bx/code_files/bx-mall/repository/db/dao/migration.go:16\n[0.583ms] [rows:-] SELECT count(*) FROM INFORMATION_SCHEMA.table_constraints WHERE constraint_schema = 'bxmall' AND table_name = 'favorite_store' AND constraint_name = 'fk_favorite_store_product'"
time="2024-10-18 04:45:00" level=info msg="/home/bx/code_files/bx-mall/repository/db/dao/migration.go:16\n[0.181ms] [rows:-] SELECT DATABASE()"
time="2024-10-18 04:45:00" level=info msg="/home/bx/code_files/bx-mall/repository/db/dao/migration.go:16\n[0.870ms] [rows:1] SELECT SCHEMA_NAME from Information_schema.SCHEMATA where SCHEMA_NAME LIKE 'bxmall%' ORDER BY SCHEMA_NAME='bxmall' DESC,SCHEMA_NAME limit 1"
time="2024-10-18 04:45:00" level=info msg="/home/bx/code_files/bx-mall/repository/db/dao/migration.go:16\n[0.643ms] [rows:-] SELECT count(*) FROM INFORMATION_SCHEMA.table_constraints WHERE constraint_schema = 'bxmall' AND table_name = 'favorite_store' AND constraint_name = 'fk_favorite_store_boss'"
time="2024-10-18 04:45:00" level=info msg="/home/bx/code_files/bx-mall/repository/db/dao/migration.go:16\n[0.113ms] [rows:-] SELECT DATABASE()"
time="2024-10-18 04:45:00" level=info msg="/home/bx/code_files/bx-mall/repository/db/dao/migration.go:16\n[1.037ms] [rows:1] SELECT SCHEMA_NAME from Information_schema.SCHEMATA where SCHEMA_NAME LIKE 'bxmall%' ORDER BY SCHEMA_NAME='bxmall' DESC,SCHEMA_NAME limit 1"
time="2024-10-18 04:45:00" level=info msg="/home/bx/code_files/bx-mall/repository/db/dao/migration.go:16\n[1.492ms] [rows:-] SELECT count(*) FROM information_schema.tables WHERE table_schema = 'bxmall' AND table_name = 'product_img' AND table_type = 'BASE TABLE'"
time="2024-10-18 04:45:00" level=info msg="/home/bx/code_files/bx-mall/repository/db/dao/migration.go:16\n[0.292ms] [rows:-] SELECT DATABASE()"
time="2024-10-18 04:45:00" level=info msg="/home/bx/code_files/bx-mall/repository/db/dao/migration.go:16\n[0.657ms] [rows:1] SELECT SCHEMA_NAME from Information_schema.SCHEMATA where SCHEMA_NAME LIKE 'bxmall%' ORDER BY SCHEMA_NAME='bxmall' DESC,SCHEMA_NAME limit 1"
time="2024-10-18 04:45:00" level=info msg="/home/bx/code_files/bx-mall/repository/db/dao/migration.go:16\n[1.105ms] [rows:-] SELECT * FROM `product_img` LIMIT 1"
time="2024-10-18 04:45:00" level=info msg="/home/bx/code_files/bx-mall/repository/db/dao/migration.go:16\n[1.422ms] [rows:-] SELECT column_name, column_default, is_nullable = 'YES', data_type, character_maximum_length, column_type, column_key, extra, column_comment, numeric_precision, numeric_scale FROM information_schema.columns WHERE table_schema = 'bxmall' AND table_name = 'product_img' ORDER BY ORDINAL_POSITION"
time="2024-10-18 04:45:00" level=info msg="/home/bx/code_files/bx-mall/repository/db/dao/migration.go:16\n[0.210ms] [rows:-] SELECT DATABASE()"
time="2024-10-18 04:45:00" level=info msg="/home/bx/code_files/bx-mall/repository/db/dao/migration.go:16\n[1.170ms] [rows:1] SELECT SCHEMA_NAME from Information_schema.SCHEMATA where SCHEMA_NAME LIKE 'bxmall%' ORDER BY SCHEMA_NAME='bxmall' DESC,SCHEMA_NAME limit 1"
time="2024-10-18 04:45:00" level=info msg="/home/bx/code_files/bx-mall/repository/db/dao/migration.go:16\n[0.299ms] [rows:-] SELECT count(*) FROM information_schema.tables WHERE table_schema = 'bxmall' AND table_name = 'user_order' AND table_type = 'BASE TABLE'"
time="2024-10-18 04:45:00" level=info msg="/home/bx/code_files/bx-mall/repository/db/dao/migration.go:16\n[0.348ms] [rows:-] SELECT DATABASE()"
time="2024-10-18 04:45:00" level=info msg="/home/bx/code_files/bx-mall/repository/db/dao/migration.go:16\n[1.083ms] [rows:1] SELECT SCHEMA_NAME from Information_schema.SCHEMATA where SCHEMA_NAME LIKE 'bxmall%' ORDER BY SCHEMA_NAME='bxmall' DESC,SCHEMA_NAME limit 1"
time="2024-10-18 04:45:00" level=info msg="/home/bx/code_files/bx-mall/repository/db/dao/migration.go:16\n[1.476ms] [rows:-] SELECT * FROM `user_order` LIMIT 1"
time="2024-10-18 04:45:00" level=info msg="/home/bx/code_files/bx-mall/repository/db/dao/migration.go:16\n[1.249ms] [rows:-] SELECT column_name, column_default, is_nullable = 'YES', data_type, character_maximum_length, column_type, column_key, extra, column_comment, numeric_precision, numeric_scale FROM information_schema.columns WHERE table_schema = 'bxmall' AND table_name = 'user_order' ORDER BY ORDINAL_POSITION"
time="2024-10-18 04:45:00" level=info msg="/home/bx/code_files/bx-mall/repository/db/dao/migration.go:16\n[0.282ms] [rows:-] SELECT DATABASE()"
time="2024-10-18 04:45:00" level=info msg="/home/bx/code_files/bx-mall/repository/db/dao/migration.go:16\n[1.048ms] [rows:1] SELECT SCHEMA_NAME from Information_schema.SCHEMATA where SCHEMA_NAME LIKE 'bxmall%' ORDER BY SCHEMA_NAME='bxmall' DESC,SCHEMA_NAME limit 1"
time="2024-10-18 04:45:00" level=info msg="/home/bx/code_files/bx-mall/repository/db/dao/migration.go:16\n[0.485ms] [rows:-] SELECT count(*) FROM information_schema.tables WHERE table_schema = 'bxmall' AND table_name = 'cart' AND table_type = 'BASE TABLE'"
time="2024-10-18 04:45:00" level=info msg="/home/bx/code_files/bx-mall/repository/db/dao/migration.go:16\n[0.200ms] [rows:-] SELECT DATABASE()"
time="2024-10-18 04:45:00" level=info msg="/home/bx/code_files/bx-mall/repository/db/dao/migration.go:16\n[1.351ms] [rows:1] SELECT SCHEMA_NAME from Information_schema.SCHEMATA where SCHEMA_NAME LIKE 'bxmall%' ORDER BY SCHEMA_NAME='bxmall' DESC,SCHEMA_NAME limit 1"
time="2024-10-18 04:45:00" level=info msg="/home/bx/code_files/bx-mall/repository/db/dao/migration.go:16\n[0.916ms] [rows:-] SELECT * FROM `cart` LIMIT 1"
time="2024-10-18 04:45:00" level=info msg="/home/bx/code_files/bx-mall/repository/db/dao/migration.go:16\n[1.118ms] [rows:-] SELECT column_name, column_default, is_nullable = 'YES', data_type, character_maximum_length, column_type, column_key, extra, column_comment, numeric_precision, numeric_scale FROM information_schema.columns WHERE table_schema = 'bxmall' AND table_name = 'cart' ORDER BY ORDINAL_POSITION"
time="2024-10-18 04:45:00" level=info msg="/home/bx/code_files/bx-mall/repository/db/dao/migration.go:16\n[0.243ms] [rows:-] SELECT DATABASE()"
time="2024-10-18 04:45:00" level=info msg="/home/bx/code_files/bx-mall/repository/db/dao/migration.go:16\n[1.875ms] [rows:1] SELECT SCHEMA_NAME from Information_schema.SCHEMATA where SCHEMA_NAME LIKE 'bxmall%' ORDER BY SCHEMA_NAME='bxmall' DESC,SCHEMA_NAME limit 1"
time="2024-10-18 04:45:00" level=info msg="/home/bx/code_files/bx-mall/repository/db/dao/migration.go:16\n[0.905ms] [rows:-] SELECT count(*) FROM information_schema.tables WHERE table_schema = 'bxmall' AND table_name = 'admin' AND table_type = 'BASE TABLE'"
time="2024-10-18 04:45:00" level=info msg="/home/bx/code_files/bx-mall/repository/db/dao/migration.go:16\n[0.117ms] [rows:-] SELECT DATABASE()"
time="2024-10-18 04:45:00" level=info msg="/home/bx/code_files/bx-mall/repository/db/dao/migration.go:16\n[0.420ms] [rows:1] SELECT SCHEMA_NAME from Information_schema.SCHEMATA where SCHEMA_NAME LIKE 'bxmall%' ORDER BY SCHEMA_NAME='bxmall' DESC,SCHEMA_NAME limit 1"
time="2024-10-18 04:45:00" level=info msg="/home/bx/code_files/bx-mall/repository/db/dao/migration.go:16\n[0.464ms] [rows:-] SELECT * FROM `admin` LIMIT 1"
time="2024-10-18 04:45:00" level=info msg="/home/bx/code_files/bx-mall/repository/db/dao/migration.go:16\n[1.731ms] [rows:-] SELECT column_name, column_default, is_nullable = 'YES', data_type, character_maximum_length, column_type, column_key, extra, column_comment, numeric_precision, numeric_scale FROM information_schema.columns WHERE table_schema = 'bxmall' AND table_name = 'admin' ORDER BY ORDINAL_POSITION"
time="2024-10-18 04:45:00" level=info msg="/home/bx/code_files/bx-mall/repository/db/dao/migration.go:16\n[0.823ms] [rows:-] SELECT DATABASE()"
time="2024-10-18 04:45:00" level=info msg="/home/bx/code_files/bx-mall/repository/db/dao/migration.go:16\n[1.207ms] [rows:1] SELECT SCHEMA_NAME from Information_schema.SCHEMATA where SCHEMA_NAME LIKE 'bxmall%' ORDER BY SCHEMA_NAME='bxmall' DESC,SCHEMA_NAME limit 1"
time="2024-10-18 04:45:00" level=info msg="/home/bx/code_files/bx-mall/repository/db/dao/migration.go:16\n[0.494ms] [rows:-] SELECT count(*) FROM information_schema.tables WHERE table_schema = 'bxmall' AND table_name = 'address' AND table_type = 'BASE TABLE'"
time="2024-10-18 04:45:00" level=info msg="/home/bx/code_files/bx-mall/repository/db/dao/migration.go:16\n[0.135ms] [rows:-] SELECT DATABASE()"
time="2024-10-18 04:45:00" level=info msg="/home/bx/code_files/bx-mall/repository/db/dao/migration.go:16\n[1.284ms] [rows:1] SELECT SCHEMA_NAME from Information_schema.SCHEMATA where SCHEMA_NAME LIKE 'bxmall%' ORDER BY SCHEMA_NAME='bxmall' DESC,SCHEMA_NAME limit 1"
time="2024-10-18 04:45:00" level=info msg="/home/bx/code_files/bx-mall/repository/db/dao/migration.go:16\n[1.137ms] [rows:-] SELECT * FROM `address` LIMIT 1"
time="2024-10-18 04:45:00" level=info msg="/home/bx/code_files/bx-mall/repository/db/dao/migration.go:16\n[1.628ms] [rows:-] SELECT column_name, column_default, is_nullable = 'YES', data_type, character_maximum_length, column_type, column_key, extra, column_comment, numeric_precision, numeric_scale FROM information_schema.columns WHERE table_schema = 'bxmall' AND table_name = 'address' ORDER BY ORDINAL_POSITION"
time="2024-10-18 04:45:00" level=info msg="/home/bx/code_files/bx-mall/repository/db/dao/migration.go:16\n[0.130ms] [rows:-] SELECT DATABASE()"
time="2024-10-18 04:45:00" level=info msg="/home/bx/code_files/bx-mall/repository/db/dao/migration.go:16\n[0.956ms] [rows:1] SELECT SCHEMA_NAME from Information_schema.SCHEMATA where SCHEMA_NAME LIKE 'bxmall%' ORDER BY SCHEMA_NAME='bxmall' DESC,SCHEMA_NAME limit 1"
time="2024-10-18 04:45:00" level=info msg="/home/bx/code_files/bx-mall/repository/db/dao/migration.go:16\n[0.933ms] [rows:-] SELECT count(*) FROM information_schema.tables WHERE table_schema = 'bxmall' AND table_name = 'notice' AND table_type = 'BASE TABLE'"
time="2024-10-18 04:45:00" level=info msg="/home/bx/code_files/bx-mall/repository/db/dao/migration.go:16\n[0.416ms] [rows:-] SELECT DATABASE()"
time="2024-10-18 04:45:00" level=info msg="/home/bx/code_files/bx-mall/repository/db/dao/migration.go:16\n[0.870ms] [rows:1] SELECT SCHEMA_NAME from Information_schema.SCHEMATA where SCHEMA_NAME LIKE 'bxmall%' ORDER BY SCHEMA_NAME='bxmall' DESC,SCHEMA_NAME limit 1"
time="2024-10-18 04:45:00" level=info msg="/home/bx/code_files/bx-mall/repository/db/dao/migration.go:16\n[0.346ms] [rows:-] SELECT * FROM `notice` LIMIT 1"
time="2024-10-18 04:45:00" level=info msg="/home/bx/code_files/bx-mall/repository/db/dao/migration.go:16\n[2.642ms] [rows:-] SELECT column_name, column_default, is_nullable = 'YES', data_type, character_maximum_length, column_type, column_key, extra, column_comment, numeric_precision, numeric_scale FROM information_schema.columns WHERE table_schema = 'bxmall' AND table_name = 'notice' ORDER BY ORDINAL_POSITION"
time="2024-10-18 04:45:00" level=info msg="/home/bx/code_files/bx-mall/repository/db/dao/migration.go:16\n[0.342ms] [rows:-] SELECT DATABASE()"
time="2024-10-18 04:45:00" level=info msg="/home/bx/code_files/bx-mall/repository/db/dao/migration.go:16\n[0.452ms] [rows:1] SELECT SCHEMA_NAME from Information_schema.SCHEMATA where SCHEMA_NAME LIKE 'bxmall%' ORDER BY SCHEMA_NAME='bxmall' DESC,SCHEMA_NAME limit 1"
time="2024-10-18 04:45:00" level=info msg="/home/bx/code_files/bx-mall/repository/db/dao/migration.go:16\n[0.619ms] [rows:-] SELECT count(*) FROM information_schema.tables WHERE table_schema = 'bxmall' AND table_name = 'skill_goods' AND table_type = 'BASE TABLE'"
time="2024-10-18 04:45:00" level=info msg="/home/bx/code_files/bx-mall/repository/db/dao/migration.go:16\n[0.174ms] [rows:-] SELECT DATABASE()"
time="2024-10-18 04:45:00" level=info msg="/home/bx/code_files/bx-mall/repository/db/dao/migration.go:16\n[0.528ms] [rows:1] SELECT SCHEMA_NAME from Information_schema.SCHEMATA where SCHEMA_NAME LIKE 'bxmall%' ORDER BY SCHEMA_NAME='bxmall' DESC,SCHEMA_NAME limit 1"
time="2024-10-18 04:45:00" level=info msg="/home/bx/code_files/bx-mall/repository/db/dao/migration.go:16\n[0.862ms] [rows:-] SELECT * FROM `skill_goods` LIMIT 1"
time="2024-10-18 04:45:00" level=info msg="/home/bx/code_files/bx-mall/repository/db/dao/migration.go:16\n[0.748ms] [rows:-] SELECT column_name, column_default, is_nullable = 'YES', data_type, character_maximum_length, column_type, column_key, extra, column_comment, numeric_precision, numeric_scale FROM information_schema.columns WHERE table_schema = 'bxmall' AND table_name = 'skill_goods' ORDER BY ORDINAL_POSITION"
time="2024-10-18 04:45:00" level=info msg="register table success"
time="2024-10-18 04:45:00" level=error msg="Failed to register a consumer"
time="2024-10-18 04:45:08" level=info msg="/home/bx/code_files/bx-mall/repository/db/dao/order.go:55\n[1.384ms] [rows:1] SELECT * FROM `user_order` WHERE id = 1 ORDER BY `user_order`.`id` LIMIT 1"
time="2024-10-18 04:45:08" level=info msg="/home/bx/code_files/bx-mall/repository/db/dao/product.go:26\n[2.180ms] [rows:1] SELECT * FROM `product` WHERE id=3 ORDER BY `product`.`id` LIMIT 1"
time="2024-10-18 04:45:08" level=info msg="/home/bx/code_files/bx-mall/repository/db/dao/user.go:27\n[0.966ms] [rows:1] SELECT * FROM `user` WHERE id=3 ORDER BY `user`.`id` LIMIT 1"
time="2024-10-18 04:45:08" level=info msg="/home/bx/code_files/bx-mall/repository/db/dao/user.go:27\n[0.538ms] [rows:1] SELECT * FROM `user` WHERE id=1 ORDER BY `user`.`id` LIMIT 1"
time="2024-10-18 04:45:08" level=info msg="/home/bx/code_files/bx-mall/service/payment.go:255\n[1.586ms] [rows:1] UPDATE `user` SET `created_at`='2024-10-18 08:04:04',`updated_at`='2024-10-18 08:45:08.23',`deleted_at`=NULL,`user_name`='boboo',`email`='',`password_digest`='$2a$12$.7nOQpSl2I9/RTwQaHps3O3bbvcxI2y7kjfjS25UVghzR.cd.IlRu',`nick_name`='boboo',`status`='active',`avatar`='avatar.JPG',`money`='mVcr1x/M8mAd2H59M/QN7ZWvTEj+6zVSlEg=' WHERE `id` = 3"
time="2024-10-18 04:45:08" level=info msg="/home/bx/code_files/bx-mall/service/payment.go:258\n[1.353ms] [rows:1] UPDATE `user` SET `created_at`='2024-10-18 06:18:27',`updated_at`='2024-10-18 08:45:08.232',`deleted_at`=NULL,`user_name`='Bussiness',`email`='2361493747@qq.com',`password_digest`='$2a$12$9xJFgliHNDwcUDv33Q61c.a.b74sf9DFfVywZKacGBwiG5MhTUzUe',`nick_name`='Bussiness',`status`='active',`avatar`='avatar.JPG',`money`='vcJ+IPjyYKD3CCC26DkEwVc4SmGlayMjA1iR/A==' WHERE `id` = 1"
time="2024-10-18 04:45:08" level=info msg="/home/bx/code_files/bx-mall/repository/db/dao/product.go:63\n[0.715ms] [rows:1] UPDATE `product` SET `id`=3,`created_at`='2024-10-18 07:44:52',`updated_at`='2024-10-18 08:45:08.233',`name`='star1.0',`category_id`=3,`title`='1.0电脑',`info`='比boss1的好',`img_path`='boss2/star1.0.jpg',`price`='5000',`discount_price`='4800',`on_sale`=true,`num`=98,`boss_id`=1,`boss_name`='boboo',`boss_avatar`='avatar.JPG' WHERE id=3"
time="2024-10-18 04:45:08" level=info msg="/home/bx/code_files/bx-mall/repository/db/dao/order.go:75\n[2.688ms] [rows:1] UPDATE `user_order` SET `created_at`='2024-10-18 08:22:42',`updated_at`='2024-10-18 08:45:08.234',`user_id`=3,`product_id`=3,`boss_id`=1,`address_id`=2,`num`=2,`order_num`='20241018000000000017',`type`=2,`money`=9600.000000 WHERE id=1 AND `id` = 1"
time="2024-10-18 04:46:14" level=info msg="/home/bx/code_files/bx-mall/repository/db/dao/user.go:27\n[1.297ms] [rows:1] SELECT * FROM `user` WHERE id=3 ORDER BY `user`.`id` LIMIT 1"
